<?xml version="1.0" encoding="UTF-8"?>
<!-- Generated by org.testng.reporters.JUnitReportReporter -->
<testsuite skipped="0" hostname="DESKTOP-HIMH6O2" name="exceptions.ElementNotVisible" tests="1" failures="0" timestamp="28 Nov 2018 06:14:47 GMT" time="14.840" errors="0">
  <testcase name="notvisible" time="14.840" classname="exceptions.ElementNotVisible"/>
</testsuite> <!-- exceptions.ElementNotVisible -->
