<?xml version="1.0" encoding="UTF-8"?>
<!-- Generated by org.testng.reporters.JUnitReportReporter -->
<testsuite skipped="0" hostname="DESKTOP-HIMH6O2" name="radioAndcheckbox.RadioCheckbox_Buttons" tests="1" failures="0" timestamp="07 Nov 2018 09:58:12 GMT" time="12.945" errors="0">
  <testcase name="radiobutton" time="12.945" classname="radioAndcheckbox.RadioCheckbox_Buttons"/>
</testsuite> <!-- radioAndcheckbox.RadioCheckbox_Buttons -->
