<?xml version="1.0" encoding="UTF-8"?>
<!-- Generated by org.testng.reporters.JUnitReportReporter -->
<testsuite skipped="0" hostname="DESKTOP-HIMH6O2" name="wait.ExplicitWait" tests="1" failures="0" timestamp="16 Nov 2018 09:56:31 GMT" time="20.289" errors="0">
  <testcase name="explicitwait" time="20.289" classname="wait.ExplicitWait"/>
</testsuite> <!-- wait.ExplicitWait -->
