<?xml version="1.0" encoding="UTF-8"?>
<!-- Generated by org.testng.reporters.JUnitReportReporter -->
<testsuite skipped="0" hostname="DESKTOP-HIMH6O2" name="actionclass.DragandDrop" tests="1" failures="0" timestamp="22 Nov 2018 10:35:44 GMT" time="15.418" errors="0">
  <testcase name="dragdrop" time="15.418" classname="actionclass.DragandDrop"/>
</testsuite> <!-- actionclass.DragandDrop -->
