<?xml version="1.0" encoding="UTF-8"?>
<!-- Generated by org.testng.reporters.JUnitReportReporter -->
<testsuite skipped="0" hostname="DESKTOP-HIMH6O2" name="javascriptexecutor.Viewscroll" tests="1" failures="0" timestamp="31 Oct 2018 11:45:48 GMT" time="17.287" errors="0">
  <testcase name="scrollview" time="17.287" classname="javascriptexecutor.Viewscroll"/>
</testsuite> <!-- javascriptexecutor.Viewscroll -->
