<?xml version="1.0" encoding="UTF-8"?>
<!-- Generated by org.testng.reporters.JUnitReportReporter -->
<testsuite skipped="0" hostname="DESKTOP-HIMH6O2" name="radioAndcheckbox.Randomselect" tests="1" failures="0" timestamp="12 Nov 2018 05:13:56 GMT" time="11.207" errors="0">
  <testcase name="radiobuttonrandomselect" time="11.207" classname="radioAndcheckbox.Randomselect"/>
</testsuite> <!-- radioAndcheckbox.Randomselect -->
