<?xml version="1.0" encoding="UTF-8"?>
<!-- Generated by org.testng.reporters.JUnitReportReporter -->
<testsuite skipped="0" hostname="DESKTOP-HIMH6O2" name="xpathAndCss.CssSelector" tests="1" failures="0" timestamp="15 Nov 2018 11:38:13 GMT" time="14.453" errors="0">
  <testcase name="cssselectorDemo" time="14.453" classname="xpathAndCss.CssSelector"/>
</testsuite> <!-- xpathAndCss.CssSelector -->
