<?xml version="1.0" encoding="UTF-8"?>
<!-- Generated by org.testng.reporters.JUnitReportReporter -->
<testsuite skipped="0" hostname="DESKTOP-HIMH6O2" name="tooltip.TooltipExample" tests="1" failures="0" timestamp="16 Nov 2018 05:53:00 GMT" time="34.734" errors="0">
  <testcase name="tt" time="34.734" classname="tooltip.TooltipExample"/>
</testsuite> <!-- tooltip.TooltipExample -->
