<?xml version="1.0" encoding="UTF-8"?>
<!-- Generated by org.testng.reporters.JUnitReportReporter -->
<testsuite skipped="0" hostname="DESKTOP-HIMH6O2" name="highlight.Highlightfields" tests="1" failures="0" timestamp="05 Nov 2018 11:45:56 GMT" time="14.711" errors="0">
  <testcase name="highlight_text" time="14.711" classname="highlight.Highlightfields"/>
</testsuite> <!-- highlight.Highlightfields -->
