<?xml version="1.0" encoding="UTF-8"?>
<!-- Generated by org.testng.reporters.JUnitReportReporter -->
<testsuite skipped="0" hostname="DESKTOP-HIMH6O2" name="radioAndcheckbox.VerifyCheckboxRadio2" tests="1" failures="0" timestamp="12 Nov 2018 10:17:00 GMT" time="14.885" errors="0">
  <testcase name="radiobutton" time="14.885" classname="radioAndcheckbox.VerifyCheckboxRadio2"/>
</testsuite> <!-- radioAndcheckbox.VerifyCheckboxRadio2 -->
