<?xml version="1.0" encoding="UTF-8"?>
<!-- Generated by org.testng.reporters.JUnitReportReporter -->
<testsuite skipped="0" hostname="DESKTOP-HIMH6O2" name="radioAndcheckbox.Verifycheckbox" tests="1" failures="0" timestamp="12 Nov 2018 11:56:19 GMT" time="14.496" errors="0">
  <testcase name="radiobutton" time="14.496" classname="radioAndcheckbox.Verifycheckbox"/>
</testsuite> <!-- radioAndcheckbox.Verifycheckbox -->
