<?xml version="1.0" encoding="UTF-8"?>
<!-- Generated by org.testng.reporters.JUnitReportReporter -->
<testsuite skipped="0" hostname="DESKTOP-HIMH6O2" name="dropdowndemo.Dropdown3" tests="1" failures="0" timestamp="31 Oct 2018 18:48:15 GMT" time="17.347" errors="0">
  <testcase name="select_dropdown2" time="17.347" classname="dropdowndemo.Dropdown3"/>
</testsuite> <!-- dropdowndemo.Dropdown3 -->
