<?xml version="1.0" encoding="UTF-8"?>
<!-- Generated by org.testng.reporters.JUnitReportReporter -->
<testsuite skipped="0" hostname="DESKTOP-HIMH6O2" name="radioAndcheckbox.VerifyCheckboxRadio" tests="1" failures="0" timestamp="12 Nov 2018 06:55:28 GMT" time="13.713" errors="0">
  <testcase name="radiobutton" time="13.713" classname="radioAndcheckbox.VerifyCheckboxRadio"/>
</testsuite> <!-- radioAndcheckbox.VerifyCheckboxRadio -->
