<?xml version="1.0" encoding="UTF-8"?>
<!-- Generated by org.testng.reporters.JUnitReportReporter -->
<testsuite skipped="0" hostname="DESKTOP-HIMH6O2" name="pagetitle.VerifypageTitle" tests="1" failures="0" timestamp="31 Oct 2018 10:35:56 GMT" time="11.394" errors="0">
  <testcase name="verifypagetitle" time="11.394" classname="pagetitle.VerifypageTitle"/>
</testsuite> <!-- pagetitle.VerifypageTitle -->
