<?xml version="1.0" encoding="UTF-8"?>
<!-- Generated by org.testng.reporters.JUnitReportReporter -->
<testsuite skipped="0" hostname="DESKTOP-HIMH6O2" name="javascriptexecutor.Pagescroll" tests="1" failures="0" timestamp="31 Oct 2018 10:52:57 GMT" time="15.252" errors="0">
  <testcase name="scroll_page" time="15.252" classname="javascriptexecutor.Pagescroll"/>
</testsuite> <!-- javascriptexecutor.Pagescroll -->
