<?xml version="1.0" encoding="UTF-8"?>
<!-- Generated by org.testng.reporters.JUnitReportReporter -->
<testsuite skipped="0" hostname="DESKTOP-HIMH6O2" name="actionclass.ActionEvents" tests="1" failures="0" timestamp="22 Nov 2018 10:22:05 GMT" time="14.368" errors="0">
  <testcase name="actevents" time="14.368" classname="actionclass.ActionEvents"/>
</testsuite> <!-- actionclass.ActionEvents -->
